2024-12-20 15:00:01,904 - INFO - Localhost Redirect URI: http://localhost:5001/callback
2024-12-20 15:00:01,946 - WARNING -  * Debugger is active!
2024-12-20 15:00:01,953 - INFO -  * Debugger PIN: 453-767-389
2024-12-20 15:00:56,359 - INFO -  * Detected change in '/Users/billy/CascadeProjects/spotify-recent-tracks/wsgi.py', reloading
2024-12-20 15:00:56,737 - INFO - Localhost Redirect URI: http://localhost:5001/callback
2024-12-20 15:00:56,780 - WARNING -  * Debugger is active!
2024-12-20 15:00:56,788 - INFO -  * Debugger PIN: 453-767-389
2024-12-20 15:02:54,678 - INFO -  * Detected change in '/Users/billy/CascadeProjects/spotify-recent-tracks/wsgi.py', reloading
2024-12-20 15:02:55,043 - INFO - Localhost Redirect URI: http://localhost:5001/callback
2024-12-20 15:02:55,084 - WARNING -  * Debugger is active!
2024-12-20 15:02:55,091 - INFO -  * Debugger PIN: 453-767-389
2024-12-20 15:04:00,698 - INFO - Localhost Redirect URI: http://localhost:5000/callback
2024-12-20 15:04:00,765 - INFO - [31m[1mWARNING: This is a development server. Do not use it in a production deployment. Use a production WSGI server instead.[0m
 * Running on all addresses (0.0.0.0)
 * Running on http://127.0.0.1:5000
 * Running on http://192.168.86.34:5000
2024-12-20 15:04:00,766 - INFO - [33mPress CTRL+C to quit[0m
2024-12-20 15:04:00,766 - INFO -  * Restarting with stat
2024-12-20 15:04:01,028 - INFO - Localhost Redirect URI: http://localhost:5001/callback
2024-12-20 15:04:01,068 - WARNING -  * Debugger is active!
2024-12-20 15:04:01,076 - INFO -  * Debugger PIN: 453-767-389
